S:\projects\modula-2\XDS\bin\..\include\X2C.h(117): Error! E1055: Unable to open 'stdlib.h'
S:\projects\modula-2\XDS\bin\..\include\X2C.h(118): Error! E1055: Unable to open 'stddef.h'
S:\projects\modula-2\XDS\bin\..\include\X2C.h(119): Error! E1055: Unable to open 'string.h'
S:\projects\modula-2\XDS\bin\..\include\X2C.h(123): Error! E1055: Unable to open 'stdarg.h'
S:\projects\modula-2\XDS\bin\..\include\X2C.h(125): Error! E1055: Unable to open 'math.h'
S:\projects\modula-2\XDS\bin\..\include\X2C.h(128): Error! E1055: Unable to open 'sys/types.h'
S:\projects\modula-2\XDS\bin\..\include\X2C.h(130): Error! E1055: Unable to open 'sys/stat.h'
S:\projects\modula-2\XDS\bin\..\include\X2C.h(133): Error! E1055: Unable to open 'float.h'
S:\projects\modula-2\XDS\bin\..\include\xPOSIX.h(4): Error! E1055: Unable to open 'stdio.h'
S:\projects\modula-2\XDS\bin\..\include\xPOSIX.h(5): Error! E1055: Unable to open 'stdlib.h'
S:\projects\modula-2\XDS\bin\..\include\xPOSIX.h(6): Error! E1055: Unable to open 'errno.h'
S:\projects\modula-2\XDS\bin\..\include\xPOSIX.h(7): Error! E1055: Unable to open 'ctype.h'
S:\projects\modula-2\XDS\bin\..\include\xPOSIX.h(8): Error! E1055: Unable to open 'math.h'
S:\projects\modula-2\XDS\bin\..\include\xPOSIX.h(9): Error! E1055: Unable to open 'setjmp.h'
S:\projects\modula-2\XDS\bin\..\include\xPOSIX.h(10): Error! E1055: Unable to open 'fcntl.h'
S:\projects\modula-2\XDS\bin\..\include\xPOSIX.h(16): Error! E1055: Unable to open 'io.h'
S:\projects\modula-2\XDS\bin\..\include\xPOSIX.h(22): Error! E1055: Unable to open 'process.h'
S:\projects\modula-2\XDS\bin\..\include\xmRTS.h(100): Error! E1022: Missing or misspelled data type near 'jmp_buf'
S:\projects\modula-2\XDS\bin\..\include\xmRTS.h(115): Error! E1022: Missing or misspelled data type near 'jmp_buf'
S:\projects\modula-2\XDS\bin\..\include\xmRTS.h(131): Error! E1022: Missing or misspelled data type near 'size_t'
S:\projects\modula-2\XDS\bin\..\include\xmRTS.h(186): Error! E1147: Too many errors: compilation aborted
